2024-06-24 18:08:06,499 p=3444395 u=upszot n=ansible | [WARNING]: A duplicate localhost-like entry was found (localhost). First found localhost was 127.0.0.1

2024-06-24 18:08:06,598 p=3444395 u=upszot n=ansible | PLAY [all] **********************************************************************************************************************************************************************************************************************************
2024-06-24 18:08:06,609 p=3444395 u=upszot n=ansible | TASK [Gathering Facts] **********************************************************************************************************************************************************************************************************************
2024-06-24 18:08:07,746 p=3444395 u=upszot n=ansible | ok: [localhost]
2024-06-24 18:08:07,775 p=3444395 u=upszot n=ansible | TASK [include_role : 2do_parcial] ***********************************************************************************************************************************************************************************************************
2024-06-24 18:08:07,805 p=3444395 u=upszot n=ansible | TASK [2do_parcial : debug] ******************************************************************************************************************************************************************************************************************
2024-06-24 18:08:07,817 p=3444395 u=upszot n=ansible | ok: [localhost] => {
    "msg": "Tareas del 2do Parcial"
}
2024-06-24 18:08:07,836 p=3444395 u=upszot n=ansible | TASK [Otra tarea] ***************************************************************************************************************************************************************************************************************************
2024-06-24 18:08:07,851 p=3444395 u=upszot n=ansible | ok: [localhost] => {
    "msg": "Despues de la ejecucion del rol"
}
2024-06-24 18:08:07,885 p=3444395 u=upszot n=ansible | PLAY RECAP **********************************************************************************************************************************************************************************************************************************
2024-06-24 18:08:07,885 p=3444395 u=upszot n=ansible | localhost                  : ok=3    changed=0    unreachable=0    failed=0    skipped=0    rescued=0    ignored=0   
2026-06-23 08:45:01,676 p=40700 u=vagrant n=ansible | [WARNING]: A duplicate localhost-like entry was found (localhost). First found localhost was 127.0.0.1

2026-06-23 08:45:01,893 p=40700 u=vagrant n=ansible | playbook: playbook.yml
2026-06-23 08:45:53,419 p=40702 u=vagrant n=ansible | [WARNING]: A duplicate localhost-like entry was found (localhost). First found localhost was 127.0.0.1

2026-06-23 08:45:53,596 p=40702 u=vagrant n=ansible | PLAY [all] ********************************************************************************************************************************************************************************************************************************************************************
2026-06-23 08:45:53,609 p=40702 u=vagrant n=ansible | TASK [Gathering Facts] ********************************************************************************************************************************************************************************************************************************************************
2026-06-23 08:45:55,020 p=40702 u=vagrant n=ansible | [WARNING]: Platform linux on host localhost is using the discovered Python interpreter at /usr/bin/python3.10, but future installation of another Python interpreter could change the meaning of that path. See https://docs.ansible.com/ansible-
core/2.17/reference_appendices/interpreter_discovery.html for more information.

2026-06-23 08:45:55,020 p=40702 u=vagrant n=ansible | ok: [localhost]
2026-06-23 08:45:55,029 p=40702 u=vagrant n=ansible | TASK [include_role : 2do_parcial] *********************************************************************************************************************************************************************************************************************************************
2026-06-23 08:45:55,058 p=40702 u=vagrant n=ansible | included: 2do_parcial for localhost
2026-06-23 08:45:55,066 p=40702 u=vagrant n=ansible | TASK [2do_parcial : debug] ****************************************************************************************************************************************************************************************************************************************************
2026-06-23 08:45:55,082 p=40702 u=vagrant n=ansible | ok: [localhost] => {
    "msg": "Tareas del 2do Parcial"
}
2026-06-23 08:45:55,089 p=40702 u=vagrant n=ansible | TASK [2do_parcial : Crear estructura de directorios 2do_parcial] **************************************************************************************************************************************************************************************************************
2026-06-23 08:45:55,431 p=40702 u=vagrant n=ansible | changed: [localhost] => (item=/tmp/2do_parcial/alumno)
2026-06-23 08:45:55,620 p=40702 u=vagrant n=ansible | changed: [localhost] => (item=/tmp/2do_parcial/equipo)
2026-06-23 08:45:55,633 p=40702 u=vagrant n=ansible | TASK [2do_parcial : Generar datos del alumno] *********************************************************************************************************************************************************************************************************************************
2026-06-23 08:45:55,669 p=40702 u=vagrant n=ansible | An exception occurred during task execution. To see the full traceback, use -vvv. The error was: If you are using a module and expect the file to exist on the remote, see the remote_src option
2026-06-23 08:45:55,670 p=40702 u=vagrant n=ansible | fatal: [localhost]: FAILED! => {"changed": false, "msg": "Could not find or access 'datos_alumno.txt.j2'\nSearched in:\n\t/home/vagrant/UTN-FRA_SO_Examenes/202406/ansible/roles/2do_parcial/templates/datos_alumno.txt.j2\n\t/home/vagrant/UTN-FRA_SO_Examenes/202406/ansible/roles/2do_parcial/datos_alumno.txt.j2\n\t/home/vagrant/UTN-FRA_SO_Examenes/202406/ansible/roles/2do_parcial/tasks/templates/datos_alumno.txt.j2\n\t/home/vagrant/UTN-FRA_SO_Examenes/202406/ansible/roles/2do_parcial/tasks/datos_alumno.txt.j2\n\t/home/vagrant/UTN-FRA_SO_Examenes/202406/ansible/templates/datos_alumno.txt.j2\n\t/home/vagrant/UTN-FRA_SO_Examenes/202406/ansible/datos_alumno.txt.j2 on the Ansible Controller.\nIf you are using a module and expect the file to exist on the remote, see the remote_src option"}
2026-06-23 08:45:55,671 p=40702 u=vagrant n=ansible | PLAY RECAP ********************************************************************************************************************************************************************************************************************************************************************
2026-06-23 08:45:55,671 p=40702 u=vagrant n=ansible | localhost                  : ok=4    changed=1    unreachable=0    failed=1    skipped=0    rescued=0    ignored=0   
2026-06-23 08:48:37,724 p=40873 u=vagrant n=ansible | [WARNING]: A duplicate localhost-like entry was found (localhost). First found localhost was 127.0.0.1

2026-06-23 08:48:37,858 p=40873 u=vagrant n=ansible | PLAY [all] ********************************************************************************************************************************************************************************************************************************************************************
2026-06-23 08:48:37,865 p=40873 u=vagrant n=ansible | TASK [Gathering Facts] ********************************************************************************************************************************************************************************************************************************************************
2026-06-23 08:48:39,070 p=40873 u=vagrant n=ansible | [WARNING]: Platform linux on host localhost is using the discovered Python interpreter at /usr/bin/python3.10, but future installation of another Python interpreter could change the meaning of that path. See https://docs.ansible.com/ansible-
core/2.17/reference_appendices/interpreter_discovery.html for more information.

2026-06-23 08:48:39,071 p=40873 u=vagrant n=ansible | ok: [localhost]
2026-06-23 08:48:39,079 p=40873 u=vagrant n=ansible | TASK [include_role : 2do_parcial] *********************************************************************************************************************************************************************************************************************************************
2026-06-23 08:48:39,106 p=40873 u=vagrant n=ansible | included: 2do_parcial for localhost
2026-06-23 08:48:39,114 p=40873 u=vagrant n=ansible | TASK [2do_parcial : debug] ****************************************************************************************************************************************************************************************************************************************************
2026-06-23 08:48:39,130 p=40873 u=vagrant n=ansible | ok: [localhost] => {
    "msg": "Tareas del 2do Parcial"
}
2026-06-23 08:48:39,137 p=40873 u=vagrant n=ansible | TASK [2do_parcial : Crear estructura de directorios 2do_parcial] **************************************************************************************************************************************************************************************************************
2026-06-23 08:48:39,480 p=40873 u=vagrant n=ansible | ok: [localhost] => (item=/tmp/2do_parcial/alumno)
2026-06-23 08:48:39,673 p=40873 u=vagrant n=ansible | ok: [localhost] => (item=/tmp/2do_parcial/equipo)
2026-06-23 08:48:39,682 p=40873 u=vagrant n=ansible | TASK [2do_parcial : Generar datos del alumno] *********************************************************************************************************************************************************************************************************************************
2026-06-23 08:48:40,278 p=40873 u=vagrant n=ansible | changed: [localhost]
2026-06-23 08:48:40,285 p=40873 u=vagrant n=ansible | TASK [2do_parcial : Generar datos del equipo] *********************************************************************************************************************************************************************************************************************************
2026-06-23 08:48:40,657 p=40873 u=vagrant n=ansible | changed: [localhost]
2026-06-23 08:48:40,664 p=40873 u=vagrant n=ansible | TASK [2do_parcial : Sudoers sin password para grupo 2PSupervisores] ***********************************************************************************************************************************************************************************************************
2026-06-23 08:48:40,998 p=40873 u=vagrant n=ansible | An exception occurred during task execution. To see the full traceback, use -vvv. The error was: PermissionError: [Errno 13] Permission denied: b'/home/vagrant/.ansible/tmp/ansible-tmp-1782204520.6819332-41097-254017405025084/tmpfm0fcoi7' -> b'/etc/sudoers.d/2psupervisores'
2026-06-23 08:48:40,999 p=40873 u=vagrant n=ansible | fatal: [localhost]: FAILED! => {"changed": false, "msg": "The destination directory (/etc/sudoers.d) is not writable by the current user. Error was: [Errno 13] Permission denied: b'/etc/sudoers.d/.ansible_tmp96xsco8c2psupervisores'"}
2026-06-23 08:48:41,000 p=40873 u=vagrant n=ansible | PLAY RECAP ********************************************************************************************************************************************************************************************************************************************************************
2026-06-23 08:48:41,000 p=40873 u=vagrant n=ansible | localhost                  : ok=6    changed=2    unreachable=0    failed=1    skipped=0    rescued=0    ignored=0   
2026-06-23 08:51:31,529 p=41124 u=vagrant n=ansible | [WARNING]: A duplicate localhost-like entry was found (localhost). First found localhost was 127.0.0.1

2026-06-23 08:51:31,664 p=41124 u=vagrant n=ansible | PLAY [all] ********************************************************************************************************************************************************************************************************************************************************************
2026-06-23 08:51:31,671 p=41124 u=vagrant n=ansible | TASK [Gathering Facts] ********************************************************************************************************************************************************************************************************************************************************
2026-06-23 08:51:32,834 p=41124 u=vagrant n=ansible | [WARNING]: Platform linux on host localhost is using the discovered Python interpreter at /usr/bin/python3.10, but future installation of another Python interpreter could change the meaning of that path. See https://docs.ansible.com/ansible-
core/2.17/reference_appendices/interpreter_discovery.html for more information.

2026-06-23 08:51:32,835 p=41124 u=vagrant n=ansible | ok: [localhost]
2026-06-23 08:51:32,844 p=41124 u=vagrant n=ansible | TASK [include_role : 2do_parcial] *********************************************************************************************************************************************************************************************************************************************
2026-06-23 08:51:32,871 p=41124 u=vagrant n=ansible | included: 2do_parcial for localhost
2026-06-23 08:51:32,878 p=41124 u=vagrant n=ansible | TASK [2do_parcial : debug] ****************************************************************************************************************************************************************************************************************************************************
2026-06-23 08:51:32,893 p=41124 u=vagrant n=ansible | ok: [localhost] => {
    "msg": "Tareas del 2do Parcial"
}
2026-06-23 08:51:32,901 p=41124 u=vagrant n=ansible | TASK [2do_parcial : Crear estructura de directorios 2do_parcial] **************************************************************************************************************************************************************************************************************
2026-06-23 08:51:33,236 p=41124 u=vagrant n=ansible | ok: [localhost] => (item=/tmp/2do_parcial/alumno)
2026-06-23 08:51:33,437 p=41124 u=vagrant n=ansible | ok: [localhost] => (item=/tmp/2do_parcial/equipo)
2026-06-23 08:51:33,447 p=41124 u=vagrant n=ansible | TASK [2do_parcial : Generar datos del alumno] *********************************************************************************************************************************************************************************************************************************
2026-06-23 08:51:33,957 p=41124 u=vagrant n=ansible | ok: [localhost]
2026-06-23 08:51:33,965 p=41124 u=vagrant n=ansible | TASK [2do_parcial : Generar datos del equipo] *********************************************************************************************************************************************************************************************************************************
2026-06-23 08:51:34,375 p=41124 u=vagrant n=ansible | ok: [localhost]
2026-06-23 08:51:34,383 p=41124 u=vagrant n=ansible | TASK [2do_parcial : Sudoers sin password para grupo 2PSupervisores] ***********************************************************************************************************************************************************************************************************
2026-06-23 08:51:34,785 p=41124 u=vagrant n=ansible | changed: [localhost]
2026-06-23 08:51:34,799 p=41124 u=vagrant n=ansible | TASK [Otra tarea] *************************************************************************************************************************************************************************************************************************************************************
2026-06-23 08:51:34,814 p=41124 u=vagrant n=ansible | ok: [localhost] => {
    "msg": "Despues de la ejecucion del rol"
}
2026-06-23 08:51:34,815 p=41124 u=vagrant n=ansible | PLAY RECAP ********************************************************************************************************************************************************************************************************************************************************************
2026-06-23 08:51:34,815 p=41124 u=vagrant n=ansible | localhost                  : ok=8    changed=1    unreachable=0    failed=0    skipped=0    rescued=0    ignored=0   
